\BOOKMARK [1][-]{section.1}{\376\377\133\236\232\214\000A\377\032\177\026\121\231\232\330\220\037\177\023\133\130}{}% 1
\BOOKMARK [2][-]{subsection.1.1}{\376\377\133\236\232\214\211\201\154\102}{section.1}% 2
\BOOKMARK [3][-]{subsubsection.1.1.1}{\376\377\123\302\145\160\213\364\146\016}{subsection.1.1}% 3
\BOOKMARK [3][-]{subsubsection.1.1.2}{\376\377\000t\000r\000a\000c\000e\150\074\137\017\213\364\146\016}{subsection.1.1}% 4
\BOOKMARK [3][-]{subsubsection.1.1.3}{\376\377\152\041\142\337\126\150\123\315\231\210\213\364\146\016}{subsection.1.1}% 5
\BOOKMARK [2][-]{subsection.1.2}{\376\377\133\236\232\214\121\306\131\007}{section.1}% 6
\BOOKMARK [3][-]{subsubsection.1.2.1}{\376\377\131\064\145\207\116\366}{subsection.1.2}% 7
\BOOKMARK [3][-]{subsubsection.1.2.2}{\376\377\146\377\143\142\173\126\165\145}{subsection.1.2}% 8
\BOOKMARK [3][-]{subsubsection.1.2.3}{\376\377\000C\000a\000c\000h\000e\166\204\176\323\147\204}{subsection.1.2}% 9
\BOOKMARK [2][-]{subsection.1.3}{\376\377\116\073\121\375\145\160}{section.1}% 10
\BOOKMARK [2][-]{subsection.1.4}{\376\377\000C\000a\000c\000h\000e\166\370\121\163\121\375\145\160}{section.1}% 11
\BOOKMARK [3][-]{subsubsection.1.4.1}{\376\377\122\035\131\313\123\026}{subsection.1.4}% 12
\BOOKMARK [3][-]{subsubsection.1.4.2}{\376\377\221\312\145\076\172\172\225\364}{subsection.1.4}% 13
\BOOKMARK [3][-]{subsubsection.1.4.3}{\376\377\177\023\133\130\144\315\117\134}{subsection.1.4}% 14
\BOOKMARK [1][-]{section.2}{\376\377\133\236\232\214\000B\377\032\117\030\123\026\167\351\226\065\217\154\177\156}{}% 15
\BOOKMARK [2][-]{subsection.2.1}{\376\377\133\236\232\214\211\201\154\102}{section.2}% 16
\BOOKMARK [2][-]{subsection.2.2}{\376\377\0003\0002\0003\0002}{section.2}% 17
\BOOKMARK [2][-]{subsection.2.3}{\376\377\0006\0004\0006\0004}{section.2}% 18
\BOOKMARK [2][-]{subsection.2.4}{\376\377\0006\0001\0006\0007}{section.2}% 19
\BOOKMARK [1][-]{section.3}{\376\377\123\302\200\003\215\104\145\231}{}% 20
